<?xml version="1.0" encoding="UTF-8"?>
<testng-results ignored="0" total="1" passed="1" failed="0" skipped="0">
  <reporter-output>
    <line>
      <![CDATA[No of rows:  7]]>
    </line>
    <line>
      <![CDATA[Login success:   http://orangehrm.qedgetech.com/symfony/web/index.php/dashboard  dashboard]]>
    </line>
    <line>
      <![CDATA[Login Fail:   http://orangehrm.qedgetech.com/symfony/web/index.php/auth/login  dashboard]]>
    </line>
    <line>
      <![CDATA[Login Fail:   http://orangehrm.qedgetech.com/symfony/web/index.php/auth/validateCredentials  dashboard]]>
    </line>
    <line>
      <![CDATA[Login Fail:   http://orangehrm.qedgetech.com/symfony/web/index.php/auth/validateCredentials  dashboard]]>
    </line>
    <line>
      <![CDATA[Login Fail:   http://orangehrm.qedgetech.com/symfony/web/index.php/auth/login  dashboard]]>
    </line>
    <line>
      <![CDATA[Login success:   http://orangehrm.qedgetech.com/symfony/web/index.php/dashboard  dashboard]]>
    </line>
    <line>
      <![CDATA[Login success:   http://orangehrm.qedgetech.com/symfony/web/index.php/dashboard  dashboard]]>
    </line>
  </reporter-output>
  <suite started-at="2024-02-25T20:09:48 IST" name="Default suite" finished-at="2024-02-25T20:10:25 IST" duration-ms="37086">
    <groups>
    </groups>
    <test started-at="2024-02-25T20:09:48 IST" name="Default test" finished-at="2024-02-25T20:10:25 IST" duration-ms="37086">
      <class name="driverFactory.DriverScript">
        <test-method is-config="true" signature="setup()[pri:0, instance:driverFactory.DriverScript@1da2cb77]" started-at="2024-02-25T20:09:48 IST" name="setup" finished-at="2024-02-25T20:09:54 IST" duration-ms="6342" status="PASS">
          <reporter-output>
          </reporter-output>
        </test-method> <!-- setup -->
        <test-method signature="startTest()[pri:0, instance:driverFactory.DriverScript@1da2cb77]" started-at="2024-02-25T20:09:54 IST" name="startTest" finished-at="2024-02-25T20:10:23 IST" duration-ms="29383" status="PASS">
          <reporter-output>
            <line>
              <![CDATA[No of rows:  7]]>
            </line>
            <line>
              <![CDATA[Login success:   http://orangehrm.qedgetech.com/symfony/web/index.php/dashboard  dashboard]]>
            </line>
            <line>
              <![CDATA[Login Fail:   http://orangehrm.qedgetech.com/symfony/web/index.php/auth/login  dashboard]]>
            </line>
            <line>
              <![CDATA[Login Fail:   http://orangehrm.qedgetech.com/symfony/web/index.php/auth/validateCredentials  dashboard]]>
            </line>
            <line>
              <![CDATA[Login Fail:   http://orangehrm.qedgetech.com/symfony/web/index.php/auth/validateCredentials  dashboard]]>
            </line>
            <line>
              <![CDATA[Login Fail:   http://orangehrm.qedgetech.com/symfony/web/index.php/auth/login  dashboard]]>
            </line>
            <line>
              <![CDATA[Login success:   http://orangehrm.qedgetech.com/symfony/web/index.php/dashboard  dashboard]]>
            </line>
            <line>
              <![CDATA[Login success:   http://orangehrm.qedgetech.com/symfony/web/index.php/dashboard  dashboard]]>
            </line>
          </reporter-output>
        </test-method> <!-- startTest -->
        <test-method is-config="true" signature="tearDown()[pri:0, instance:driverFactory.DriverScript@1da2cb77]" started-at="2024-02-25T20:10:23 IST" name="tearDown" finished-at="2024-02-25T20:10:25 IST" duration-ms="1331" status="PASS">
          <reporter-output>
          </reporter-output>
        </test-method> <!-- tearDown -->
      </class> <!-- driverFactory.DriverScript -->
    </test> <!-- Default test -->
  </suite> <!-- Default suite -->
</testng-results>
